[debug] [2024-02-29T19:00:24.652Z] ----------------------------------------------------------------------
[debug] [2024-02-29T19:00:24.655Z] Command:       C:\Program Files\nodejs\node.exe C:\Users\7J8037897\AppData\Roaming\npm\node_modules\firebase-tools\lib\bin\firebase.js init
[debug] [2024-02-29T19:00:24.655Z] CLI Version:   13.4.0
[debug] [2024-02-29T19:00:24.656Z] Platform:      win32
[debug] [2024-02-29T19:00:24.656Z] Node Version:  v20.10.0
[debug] [2024-02-29T19:00:24.656Z] Time:          Thu Feb 29 2024 13:00:24 GMT-0600 (Central Standard Time)
[debug] [2024-02-29T19:00:24.656Z] ----------------------------------------------------------------------
[debug] 
[debug] [2024-02-29T19:00:24.665Z] > command requires scopes: ["email","openid","https://www.googleapis.com/auth/cloudplatformprojects.readonly","https://www.googleapis.com/auth/firebase","https://www.googleapis.com/auth/cloud-platform"]
[debug] [2024-02-29T19:00:24.666Z] > authorizing via signed-in user (devn98@gmail.com)
[info] 
     ######## #### ########  ######## ########     ###     ######  ########
     ##        ##  ##     ## ##       ##     ##  ##   ##  ##       ##
     ######    ##  ########  ######   ########  #########  ######  ######
     ##        ##  ##    ##  ##       ##     ## ##     ##       ## ##
     ##       #### ##     ## ######## ########  ##     ##  ######  ########

You're about to initialize a Firebase project in this directory:

  C:\Users\7J8037897\Desktop\amazon-clone-fullstack\amazon-clone

[info] 
=== Project Setup
[info] 
[info] First, let's associate this project directory with a Firebase project.
[info] You can create multiple project aliases by running firebase use --add, 
[info] but for now we'll just set up a default project.
[info] 
[debug] [2024-02-29T19:00:53.480Z] > refreshing access token with scopes: []
[debug] [2024-02-29T19:00:53.483Z] >>> [apiv2][query] POST https://www.googleapis.com/oauth2/v3/token [none]
[debug] [2024-02-29T19:00:53.483Z] >>> [apiv2][body] POST https://www.googleapis.com/oauth2/v3/token [omitted]
[debug] [2024-02-29T19:00:53.865Z] <<< [apiv2][status] POST https://www.googleapis.com/oauth2/v3/token 200
[debug] [2024-02-29T19:00:53.865Z] <<< [apiv2][body] POST https://www.googleapis.com/oauth2/v3/token [omitted]
[debug] [2024-02-29T19:00:53.877Z] >>> [apiv2][query] GET https://firebase.googleapis.com/v1beta1/projects pageSize=100
[debug] [2024-02-29T19:00:54.518Z] <<< [apiv2][status] GET https://firebase.googleapis.com/v1beta1/projects 200
[debug] [2024-02-29T19:00:54.518Z] <<< [apiv2][body] GET https://firebase.googleapis.com/v1beta1/projects [omitted]
[info] i  Using project clone-d3c66 (amazon-clone) 
[info] 
=== Hosting Setup
[debug] [2024-02-29T19:00:59.049Z] >>> [apiv2][query] GET https://firebase.googleapis.com/v1beta1/projects/clone-d3c66 [none]
[debug] [2024-02-29T19:00:59.433Z] <<< [apiv2][status] GET https://firebase.googleapis.com/v1beta1/projects/clone-d3c66 200
[debug] [2024-02-29T19:00:59.433Z] <<< [apiv2][body] GET https://firebase.googleapis.com/v1beta1/projects/clone-d3c66 {"projectId":"clone-d3c66","projectNumber":"251787771854","displayName":"amazon-clone","name":"projects/clone-d3c66","resources":{"hostingSite":"clone-d3c66"},"state":"ACTIVE","etag":"1_8bba1e1b-955c-43af-8263-217a405f3054"}
[info] 
[info] Your public directory is the folder (relative to your project directory) that
[info] will contain Hosting assets to be uploaded with firebase deploy. If you
[info] have a build process for your assets, use your build's output directory.
[info] 
[debug] [2024-02-29T19:06:41.420Z] >>> [apiv2][query] GET https://www.gstatic.com/firebasejs/releases.json [none]
[debug] [2024-02-29T19:06:41.688Z] <<< [apiv2][status] GET https://www.gstatic.com/firebasejs/releases.json 200
[debug] [2024-02-29T19:06:41.688Z] <<< [apiv2][body] GET https://www.gstatic.com/firebasejs/releases.json {"current":{"version":"10.8.1","browserURL":"https://www.gstatic.com/firebasejs/10.8.1/firebase.js","packageURL":"https://www.gstatic.com/firebasejs/10.8.1/firebase.tgz"},"live":{"version":"10.8","browserURL":"https://www.gstatic.com/firebasejs/live/10.8/firebase.js","packageURL":"https://www.gstatic.com/firebasejs/live/10.8/firebase.tgz"},"components":{"analytics":"https://www.gstatic.com/firebasejs/10.8.1/firebase-analytics.js","app":"https://www.gstatic.com/firebasejs/10.8.1/firebase-app.js","app-check":"https://www.gstatic.com/firebasejs/10.8.1/firebase-app-check.js","auth":"https://www.gstatic.com/firebasejs/10.8.1/firebase-auth.js","auth/cordova":"https://www.gstatic.com/firebasejs/10.8.1/firebase-auth/cordova.js","auth/web-extension":"https://www.gstatic.com/firebasejs/10.8.1/firebase-auth/web-extension.js","functions":"https://www.gstatic.com/firebasejs/10.8.1/firebase-functions.js","firestore":"https://www.gstatic.com/firebasejs/10.8.1/firebase-firestore.js","firestore/lite":"https://www.gstatic.com/firebasejs/10.8.1/firebase-firestore/lite.js","installations":"https://www.gstatic.com/firebasejs/10.8.1/firebase-installations.js","storage":"https://www.gstatic.com/firebasejs/10.8.1/firebase-storage.js","performance":"https://www.gstatic.com/firebasejs/10.8.1/firebase-performance.js","remote-config":"https://www.gstatic.com/firebasejs/10.8.1/firebase-remote-config.js","messaging":"https://www.gstatic.com/firebasejs/10.8.1/firebase-messaging.js","messaging/sw":"https://www.gstatic.com/firebasejs/10.8.1/firebase-messaging/sw.js","database":"https://www.gstatic.com/firebasejs/10.8.1/firebase-database.js","firestore.memory":"https://www.gstatic.com/firebasejs/10.8.1/firebase-firestore.memory.js"}}
[info] +  Wrote build/index.html 
[info] 
[info] i  Detected a .git folder at C:\Users\7J8037897\Desktop\amazon-clone-fullstack\amazon-clone 
[info] i  Authorizing with GitHub to upload your service account to a GitHub repository's secrets store. 
[info] 
[info] Visit this URL on this device to log in:
[info] https://github.com/login/oauth/authorize?client_id=89cf50f02ac6aaed3484&state=189833560&redirect_uri=http%3A%2F%2Flocalhost%3A9005&scope=read%3Auser%20repo%20public_repo
[info] 
[info] Waiting for authentication...
[debug] [2024-02-29T19:06:52.690Z] >>> [apiv2][query] POST https://github.com/login/oauth/access_token [none]
[debug] [2024-02-29T19:06:52.690Z] >>> [apiv2][body] POST https://github.com/login/oauth/access_token [stream]
[debug] [2024-02-29T19:06:53.126Z] <<< [apiv2][status] POST https://github.com/login/oauth/access_token 200
[debug] [2024-02-29T19:06:53.127Z] <<< [apiv2][body] POST https://github.com/login/oauth/access_token {"access_token":"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","token_type":"bearer","scope":"read:user,repo"}
[debug] [2024-02-29T19:06:53.140Z] >>> [apiv2][query] GET https://api.github.com/user [none]
[debug] [2024-02-29T19:06:53.536Z] <<< [apiv2][status] GET https://api.github.com/user 200
[debug] [2024-02-29T19:06:53.537Z] <<< [apiv2][body] GET https://api.github.com/user {"login":"devinlaborde","id":104802747,"node_id":"U_kgDOBj8puw","avatar_url":"https://avatars.githubusercontent.com/u/104802747?v=4","gravatar_id":"","url":"https://api.github.com/users/devinlaborde","html_url":"https://github.com/devinlaborde","followers_url":"https://api.github.com/users/devinlaborde/followers","following_url":"https://api.github.com/users/devinlaborde/following{/other_user}","gists_url":"https://api.github.com/users/devinlaborde/gists{/gist_id}","starred_url":"https://api.github.com/users/devinlaborde/starred{/owner}{/repo}","subscriptions_url":"https://api.github.com/users/devinlaborde/subscriptions","organizations_url":"https://api.github.com/users/devinlaborde/orgs","repos_url":"https://api.github.com/users/devinlaborde/repos","events_url":"https://api.github.com/users/devinlaborde/events{/privacy}","received_events_url":"https://api.github.com/users/devinlaborde/received_events","type":"User","site_admin":false,"name":null,"company":null,"blog":"","location":null,"email":null,"hireable":null,"bio":null,"twitter_username":null,"public_repos":6,"public_gists":0,"followers":0,"following":0,"created_at":"2022-05-02T23:56:55Z","updated_at":"2024-02-29T17:36:01Z","private_gists":0,"total_private_repos":4,"owned_private_repos":4,"disk_usage":6705,"collaborators":0,"two_factor_authentication":false,"plan":{"name":"free","space":976562499,"collaborators":0,"private_repos":10000}}
[info] 
[info] +  Success! Logged into GitHub as devinlaborde 
[info] 
